<?xml version="1.0" encoding="UTF-8"?>
<!-- Generated by org.testng.reporters.JUnitXMLReporter -->
<testsuite ignored="0" hostname="Rakshas-PC" failures="0" tests="5" name="Default test" time="32.869" errors="0" timestamp="2023-05-01T17:03:01 CDT">
  <testcase classname="com.acti.testcase.LoginPageTests" name="testActiImgDisplayed" time="0.152"/>
  <testcase classname="com.acti.testcase.LoginPageTests" name="testForgotPasswordDisplayed" time="0.102"/>
  <testcase classname="com.acti.testcase.LoginPageTests" name="testLoginFunction" time="0.365"/>
  <testcase classname="com.acti.testcase.LoginPageTests" name="testLoginInvalidCredentials" time="3.283"/>
  <testcase classname="com.acti.testcase.LoginPageTests" name="testLoginPageTitle" time="0.049"/>
</testsuite> <!-- Default test -->
