<?xml version="1.0" encoding="UTF-8"?>
<testng-results ignored="0" total="5" passed="5" failed="0" skipped="0">
  <reporter-output>
  </reporter-output>
  <suite started-at="2023-05-01T17:02:28 CDT" name="Default suite" finished-at="2023-05-01T17:03:01 CDT" duration-ms="32869">
    <groups>
    </groups>
    <test started-at="2023-05-01T17:02:28 CDT" name="Default test" finished-at="2023-05-01T17:03:01 CDT" duration-ms="32869">
      <class name="com.acti.testcase.LoginPageTests">
        <test-method is-config="true" signature="preTest()[pri:0, instance:com.acti.testcase.LoginPageTests@5b03b9fe]" started-at="2023-05-01T17:02:28 CDT" name="preTest" finished-at="2023-05-01T17:02:35 CDT" duration-ms="7145" status="PASS">
          <reporter-output>
          </reporter-output>
        </test-method> <!-- preTest -->
        <test-method signature="testActiImgDisplayed()[pri:0, instance:com.acti.testcase.LoginPageTests@5b03b9fe]" started-at="2023-05-01T17:02:35 CDT" name="testActiImgDisplayed" finished-at="2023-05-01T17:02:35 CDT" duration-ms="152" status="PASS">
          <reporter-output>
          </reporter-output>
        </test-method> <!-- testActiImgDisplayed -->
        <test-method is-config="true" signature="tearDown()[pri:0, instance:com.acti.testcase.LoginPageTests@5b03b9fe]" started-at="2023-05-01T17:02:35 CDT" name="tearDown" finished-at="2023-05-01T17:02:36 CDT" duration-ms="392" status="PASS">
          <reporter-output>
          </reporter-output>
        </test-method> <!-- tearDown -->
        <test-method is-config="true" signature="preTest()[pri:0, instance:com.acti.testcase.LoginPageTests@5b03b9fe]" started-at="2023-05-01T17:02:36 CDT" name="preTest" finished-at="2023-05-01T17:02:41 CDT" duration-ms="5014" status="PASS">
          <reporter-output>
          </reporter-output>
        </test-method> <!-- preTest -->
        <test-method signature="testForgotPasswordDisplayed()[pri:0, instance:com.acti.testcase.LoginPageTests@5b03b9fe]" started-at="2023-05-01T17:02:41 CDT" name="testForgotPasswordDisplayed" finished-at="2023-05-01T17:02:41 CDT" duration-ms="102" status="PASS">
          <reporter-output>
          </reporter-output>
        </test-method> <!-- testForgotPasswordDisplayed -->
        <test-method is-config="true" signature="tearDown()[pri:0, instance:com.acti.testcase.LoginPageTests@5b03b9fe]" started-at="2023-05-01T17:02:41 CDT" name="tearDown" finished-at="2023-05-01T17:02:41 CDT" duration-ms="301" status="PASS">
          <reporter-output>
          </reporter-output>
        </test-method> <!-- tearDown -->
        <test-method is-config="true" signature="preTest()[pri:0, instance:com.acti.testcase.LoginPageTests@5b03b9fe]" started-at="2023-05-01T17:02:41 CDT" name="preTest" finished-at="2023-05-01T17:02:46 CDT" duration-ms="5042" status="PASS">
          <reporter-output>
          </reporter-output>
        </test-method> <!-- preTest -->
        <test-method signature="testLoginFunction()[pri:0, instance:com.acti.testcase.LoginPageTests@5b03b9fe]" started-at="2023-05-01T17:02:46 CDT" name="testLoginFunction" finished-at="2023-05-01T17:02:47 CDT" duration-ms="365" status="PASS">
          <reporter-output>
          </reporter-output>
        </test-method> <!-- testLoginFunction -->
        <test-method is-config="true" signature="tearDown()[pri:0, instance:com.acti.testcase.LoginPageTests@5b03b9fe]" started-at="2023-05-01T17:02:47 CDT" name="tearDown" finished-at="2023-05-01T17:02:47 CDT" duration-ms="341" status="PASS">
          <reporter-output>
          </reporter-output>
        </test-method> <!-- tearDown -->
        <test-method is-config="true" signature="preTest()[pri:0, instance:com.acti.testcase.LoginPageTests@5b03b9fe]" started-at="2023-05-01T17:02:47 CDT" name="preTest" finished-at="2023-05-01T17:02:52 CDT" duration-ms="4907" status="PASS">
          <reporter-output>
          </reporter-output>
        </test-method> <!-- preTest -->
        <test-method signature="testLoginInvalidCredentials()[pri:0, instance:com.acti.testcase.LoginPageTests@5b03b9fe]" started-at="2023-05-01T17:02:52 CDT" name="testLoginInvalidCredentials" finished-at="2023-05-01T17:02:55 CDT" duration-ms="3283" status="PASS">
          <reporter-output>
          </reporter-output>
        </test-method> <!-- testLoginInvalidCredentials -->
        <test-method is-config="true" signature="tearDown()[pri:0, instance:com.acti.testcase.LoginPageTests@5b03b9fe]" started-at="2023-05-01T17:02:55 CDT" name="tearDown" finished-at="2023-05-01T17:02:56 CDT" duration-ms="346" status="PASS">
          <reporter-output>
          </reporter-output>
        </test-method> <!-- tearDown -->
        <test-method is-config="true" signature="preTest()[pri:0, instance:com.acti.testcase.LoginPageTests@5b03b9fe]" started-at="2023-05-01T17:02:56 CDT" name="preTest" finished-at="2023-05-01T17:03:01 CDT" duration-ms="4981" status="PASS">
          <reporter-output>
          </reporter-output>
        </test-method> <!-- preTest -->
        <test-method signature="testLoginPageTitle()[pri:0, instance:com.acti.testcase.LoginPageTests@5b03b9fe]" started-at="2023-05-01T17:03:01 CDT" name="testLoginPageTitle" finished-at="2023-05-01T17:03:01 CDT" duration-ms="49" status="PASS">
          <reporter-output>
          </reporter-output>
        </test-method> <!-- testLoginPageTitle -->
        <test-method is-config="true" signature="tearDown()[pri:0, instance:com.acti.testcase.LoginPageTests@5b03b9fe]" started-at="2023-05-01T17:03:01 CDT" name="tearDown" finished-at="2023-05-01T17:03:01 CDT" duration-ms="308" status="PASS">
          <reporter-output>
          </reporter-output>
        </test-method> <!-- tearDown -->
      </class> <!-- com.acti.testcase.LoginPageTests -->
    </test> <!-- Default test -->
  </suite> <!-- Default suite -->
</testng-results>
