<?xml version="1.0" encoding="UTF-8"?>
<testng-results ignored="0" total="2" passed="2" failed="0" skipped="0">
  <reporter-output>
  </reporter-output>
  <suite started-at="2023-05-03T15:45:32 CDT" name="Default suite" finished-at="2023-05-03T15:46:10 CDT" duration-ms="38794">
    <groups>
    </groups>
    <test started-at="2023-05-03T15:45:32 CDT" name="Default test" finished-at="2023-05-03T15:46:10 CDT" duration-ms="38794">
      <class name="com.acti.testcase.TaskPageTests">
        <test-method is-config="true" signature="preTest()[pri:0, instance:com.acti.testcase.TaskPageTests@593aaf41]" started-at="2023-05-03T15:45:32 CDT" name="preTest" finished-at="2023-05-03T15:45:39 CDT" duration-ms="7186" status="PASS">
          <reporter-output>
          </reporter-output>
        </test-method> <!-- preTest -->
        <test-method signature="testCreatecustomer()[pri:1, instance:com.acti.testcase.TaskPageTests@593aaf41]" started-at="2023-05-03T15:45:39 CDT" name="testCreatecustomer" finished-at="2023-05-03T15:45:48 CDT" duration-ms="8621" status="PASS">
          <reporter-output>
          </reporter-output>
        </test-method> <!-- testCreatecustomer -->
        <test-method is-config="true" signature="tearDown()[pri:0, instance:com.acti.testcase.TaskPageTests@593aaf41]" started-at="2023-05-03T15:45:48 CDT" name="tearDown" finished-at="2023-05-03T15:45:48 CDT" duration-ms="438" status="PASS">
          <reporter-output>
          </reporter-output>
        </test-method> <!-- tearDown -->
        <test-method is-config="true" signature="preTest()[pri:0, instance:com.acti.testcase.TaskPageTests@593aaf41]" started-at="2023-05-03T15:45:48 CDT" name="preTest" finished-at="2023-05-03T15:45:53 CDT" duration-ms="5349" status="PASS">
          <reporter-output>
          </reporter-output>
        </test-method> <!-- preTest -->
        <test-method signature="testDeleteCustomer()[pri:2, instance:com.acti.testcase.TaskPageTests@593aaf41]" started-at="2023-05-03T15:45:53 CDT" name="testDeleteCustomer" finished-at="2023-05-03T15:46:10 CDT" duration-ms="16643" status="PASS">
          <reporter-output>
          </reporter-output>
        </test-method> <!-- testDeleteCustomer -->
        <test-method is-config="true" signature="tearDown()[pri:0, instance:com.acti.testcase.TaskPageTests@593aaf41]" started-at="2023-05-03T15:46:10 CDT" name="tearDown" finished-at="2023-05-03T15:46:10 CDT" duration-ms="427" status="PASS">
          <reporter-output>
          </reporter-output>
        </test-method> <!-- tearDown -->
      </class> <!-- com.acti.testcase.TaskPageTests -->
    </test> <!-- Default test -->
  </suite> <!-- Default suite -->
</testng-results>
